# JRE version: OpenJDK Runtime Environment (8.0_242-b01) (build 1.8.0_242-release-1644-b01)
# Java VM: OpenJDK 64-Bit Server VM (25.242-b01 mixed mode windows-amd64 compressed oops)
Heap:
 PSYoungGen      total 72192K, used 27039K [0x00000000d8300000, 0x00000000dd880000, 0x0000000100000000)
  eden space 56832K, 20% used [0x00000000d8300000,0x00000000d8e6dd08,0x00000000dba80000)
  from space 15360K, 99% used [0x00000000dba80000,0x00000000dc97a168,0x00000000dc980000)
  to   space 14336K, 0% used [0x00000000dca80000,0x00000000dca80000,0x00000000dd880000)
 ParOldGen       total 110080K, used 28448K [0x0000000088800000, 0x000000008f380000, 0x00000000d8300000)
  object space 110080K, 25% used [0x0000000088800000,0x000000008a3c8310,0x000000008f380000)
 Metaspace       used 46010K, capacity 46736K, committed 47152K, reserved 1091584K
  class space    used 5720K, capacity 5908K, committed 5936K, reserved 1048576K
GC Heap History (10 events):
Event: 23.630 GC heap before
{Heap before GC invocations=7 (full 1):
 PSYoungGen      total 35840K, used 31741K [0x00000000d8300000, 0x00000000dc600000, 0x0000000100000000)
  eden space 30720K, 86% used [0x00000000d8300000,0x00000000d9d067b0,0x00000000da100000)
  from space 5120K, 99% used [0x00000000da100000,0x00000000da5f8c70,0x00000000da600000)
  to   space 13824K, 0% used [0x00000000db880000,0x00000000db880000,0x00000000dc600000)
 ParOldGen       total 66560K, used 19230K [0x0000000088800000, 0x000000008c900000, 0x00000000d8300000)
  object space 66560K, 28% used [0x0000000088800000,0x0000000089ac7950,0x000000008c900000)
 Metaspace       used 34573K, capacity 35146K, committed 35496K, reserved 1081344K
  class space    used 4411K, capacity 4581K, committed 4656K, reserved 1048576K
Event: 23.666 GC heap after
Heap after GC invocations=7 (full 1):
 PSYoungGen      total 53760K, used 12208K [0x00000000d8300000, 0x00000000dcb80000, 0x0000000100000000)
  eden space 39936K, 0% used [0x00000000d8300000,0x00000000d8300000,0x00000000daa00000)
  from space 13824K, 88% used [0x00000000db880000,0x00000000dc46c128,0x00000000dc600000)
  to   space 14848K, 0% used [0x00000000daa00000,0x00000000daa00000,0x00000000db880000)
 ParOldGen       total 66560K, used 19238K [0x0000000088800000, 0x000000008c900000, 0x00000000d8300000)
  object space 66560K, 28% used [0x0000000088800000,0x0000000089ac9950,0x000000008c900000)
 Metaspace       used 34573K, capacity 35146K, committed 35496K, reserved 1081344K
  class space    used 4411K, capacity 4581K, committed 4656K, reserved 1048576K
}
Event: 23.666 GC heap before
{Heap before GC invocations=8 (full 2):
 PSYoungGen      total 53760K, used 12208K [0x00000000d8300000, 0x00000000dcb80000, 0x0000000100000000)
  eden space 39936K, 0% used [0x00000000d8300000,0x00000000d8300000,0x00000000daa00000)
  from space 13824K, 88% used [0x00000000db880000,0x00000000dc46c128,0x00000000dc600000)
  to   space 14848K, 0% used [0x00000000daa00000,0x00000000daa00000,0x00000000db880000)
 ParOldGen       total 66560K, used 19238K [0x0000000088800000, 0x000000008c900000, 0x00000000d8300000)
  object space 66560K, 28% used [0x0000000088800000,0x0000000089ac9950,0x000000008c900000)
 Metaspace       used 34573K, capacity 35146K, committed 35496K, reserved 1081344K
  class space    used 4411K, capacity 4581K, committed 4656K, reserved 1048576K
Event: 23.827 GC heap after
Heap after GC invocations=8 (full 2):
 PSYoungGen      total 53760K, used 0K [0x00000000d8300000, 0x00000000dcb80000, 0x0000000100000000)
  eden space 39936K, 0% used [0x00000000d8300000,0x00000000d8300000,0x00000000daa00000)
  from space 13824K, 0% used [0x00000000db880000,0x00000000db880000,0x00000000dc600000)
  to   space 14848K, 0% used [0x00000000daa00000,0x00000000daa00000,0x00000000db880000)
 ParOldGen       total 110080K, used 22644K [0x0000000088800000, 0x000000008f380000, 0x00000000d8300000)
  object space 110080K, 20% used [0x0000000088800000,0x0000000089e1d0a0,0x000000008f380000)
 Metaspace       used 34573K, capacity 35146K, committed 35496K, reserved 1081344K
  class space    used 4411K, capacity 4581K, committed 4656K, reserved 1048576K
}
Event: 27.792 GC heap before
{Heap before GC invocations=9 (full 2):
 PSYoungGen      total 53760K, used 39936K [0x00000000d8300000, 0x00000000dcb80000, 0x0000000100000000)
  eden space 39936K, 100% used [0x00000000d8300000,0x00000000daa00000,0x00000000daa00000)
  from space 13824K, 0% used [0x00000000db880000,0x00000000db880000,0x00000000dc600000)
  to   space 14848K, 0% used [0x00000000daa00000,0x00000000daa00000,0x00000000db880000)
 ParOldGen       total 110080K, used 22644K [0x0000000088800000, 0x000000008f380000, 0x00000000d8300000)
  object space 110080K, 20% used [0x0000000088800000,0x0000000089e1d0a0,0x000000008f380000)
 Metaspace       used 38747K, capacity 39418K, committed 39728K, reserved 1083392K
  class space    used 4909K, capacity 5067K, committed 5168K, reserved 1048576K
Event: 27.837 GC heap after
Heap after GC invocations=9 (full 2):
 PSYoungGen      total 54784K, used 11541K [0x00000000d8300000, 0x00000000dd980000, 0x0000000100000000)
  eden space 39936K, 0% used [0x00000000d8300000,0x00000000d8300000,0x00000000daa00000)
  from space 14848K, 77% used [0x00000000daa00000,0x00000000db545518,0x00000000db880000)
  to   space 15360K, 0% used [0x00000000dca80000,0x00000000dca80000,0x00000000dd980000)
 ParOldGen       total 110080K, used 22652K [0x0000000088800000, 0x000000008f380000, 0x00000000d8300000)
  object space 110080K, 20% used [0x0000000088800000,0x0000000089e1f0a0,0x000000008f380000)
 Metaspace       used 38747K, capacity 39418K, committed 39728K, reserved 1083392K
  class space    used 4909K, capacity 5067K, committed 5168K, reserved 1048576K
}
Event: 31.466 GC heap before
{Heap before GC invocations=10 (full 2):
 PSYoungGen      total 54784K, used 51477K [0x00000000d8300000, 0x00000000dd980000, 0x0000000100000000)
  eden space 39936K, 100% used [0x00000000d8300000,0x00000000daa00000,0x00000000daa00000)
  from space 14848K, 77% used [0x00000000daa00000,0x00000000db545518,0x00000000db880000)
  to   space 15360K, 0% used [0x00000000dca80000,0x00000000dca80000,0x00000000dd980000)
 ParOldGen       total 110080K, used 22652K [0x0000000088800000, 0x000000008f380000, 0x00000000d8300000)
  object space 110080K, 20% used [0x0000000088800000,0x0000000089e1f0a0,0x000000008f380000)
 Metaspace       used 41978K, capacity 42678K, committed 43184K, reserved 1087488K
  class space    used 5293K, capacity 5467K, committed 5552K, reserved 1048576K
Event: 31.493 GC heap after
Heap after GC invocations=10 (full 2):
 PSYoungGen      total 71168K, used 12232K [0x00000000d8300000, 0x00000000dd880000, 0x0000000100000000)
  eden space 56832K, 0% used [0x00000000d8300000,0x00000000d8300000,0x00000000dba80000)
  from space 14336K, 85% used [0x00000000dca80000,0x00000000dd672260,0x00000000dd880000)
  to   space 15360K, 0% used [0x00000000dba80000,0x00000000dba80000,0x00000000dc980000)
 ParOldGen       total 110080K, used 22660K [0x0000000088800000, 0x000000008f380000, 0x00000000d8300000)
  object space 110080K, 20% used [0x0000000088800000,0x0000000089e210a0,0x000000008f380000)
 Metaspace       used 41978K, capacity 42678K, committed 43184K, reserved 1087488K
  class space    used 5293K, capacity 5467K, committed 5552K, reserved 1048576K
}
Event: 38.111 GC heap before
{Heap before GC invocations=11 (full 2):
 PSYoungGen      total 71168K, used 69064K [0x00000000d8300000, 0x00000000dd880000, 0x0000000100000000)
  eden space 56832K, 100% used [0x00000000d8300000,0x00000000dba80000,0x00000000dba80000)
  from space 14336K, 85% used [0x00000000dca80000,0x00000000dd672260,0x00000000dd880000)
  to   space 15360K, 0% used [0x00000000dba80000,0x00000000dba80000,0x00000000dc980000)
 ParOldGen       total 110080K, used 22660K [0x0000000088800000, 0x000000008f380000, 0x00000000d8300000)
  object space 110080K, 20% used [0x0000000088800000,0x0000000089e210a0,0x000000008f380000)
 Metaspace       used 45958K, capacity 46736K, committed 47152K, reserved 1091584K
  class space    used 5719K, capacity 5908K, committed 5936K, reserved 1048576K
Event: 38.405 GC heap after
Heap after GC invocations=11 (full 2):
 PSYoungGen      total 72192K, used 15336K [0x00000000d8300000, 0x00000000dd880000, 0x0000000100000000)
  eden space 56832K, 0% used [0x00000000d8300000,0x00000000d8300000,0x00000000dba80000)
  from space 15360K, 99% used [0x00000000dba80000,0x00000000dc97a168,0x00000000dc980000)
  to   space 14336K, 0% used [0x00000000dca80000,0x00000000dca80000,0x00000000dd880000)
 ParOldGen       total 110080K, used 28448K [0x0000000088800000, 0x000000008f380000, 0x00000000d8300000)
  object space 110080K, 25% used [0x0000000088800000,0x000000008a3c8310,0x000000008f380000)
 Metaspace       used 45958K, capacity 46736K, committed 47152K, reserved 1091584K
  class space    used 5719K, capacity 5908K, committed 5936K, reserved 1048576K
}

